C51 COMPILER V9.60.7.0   EXTI_ISR                                                          09/01/2024 11:16:54 PAGE 1   


C51 COMPILER V9.60.7.0, COMPILATION OF MODULE EXTI_ISR
OBJECT MODULE PLACED IN .\Objects\Exti_Isr.obj
COMPILER INVOKED BY: D:\keil_c51\C51\BIN\C51.EXE Exti_Isr.c LARGE OPTIMIZE(8,SPEED) BROWSE DEBUG OBJECTEXTEND PRINT(.\Li
                    -stings\Exti_Isr.lst) TABS(2) OBJECT(.\Objects\Exti_Isr.obj)

line level    source

   1          /*---------------------------------------------------------------------*/
   2          /* --- STC MCU Limited ------------------------------------------------*/
   3          /* --- STC 1T Series MCU Demo Programme -------------------------------*/
   4          /* --- Mobile: (86)13922805190 ----------------------------------------*/
   5          /* --- Fax: 86-0513-55012956,55012947,55012969 ------------------------*/
   6          /* --- Tel: 86-0513-55012928,55012929,55012966 ------------------------*/
   7          /* --- Web: www.STCAI.com ---------------------------------------------*/
   8          /* --- BBS: www.STCAIMCU.com  -----------------------------------------*/
   9          /* --- QQ:  800003751 -------------------------------------------------*/
  10          /* 如果要在程序中使用此代码,请在程序中注明使用了STC的资料及程序            */
  11          /*---------------------------------------------------------------------*/
  12          
  13          #include  "Exti.h"
  14          
  15          //========================================================================
  16          //                               本地变量声明
  17          //========================================================================
  18          extern void ext_int0_call();
  19          u8 WakeUpSource;
  20          
  21          //========================================================================
  22          // 函数: INT0_ISR_Handler
  23          // 描述: INT0中断函数.
  24          // 参数: none.
  25          // 返回: none.
  26          // 版本: V1.0, 2020-09-23
  27          //========================================================================
  28          void INT0_ISR_Handler (void) interrupt INT0_VECTOR    //进中断时已经清除标志
  29          {
  30   1        // TODO: 在此处添加用户代码
  31   1      //  P00 = ~P00;
  32   1        WakeUpSource = 1;
  33   1        
  34   1        ext_int0_call();
  35   1      }
  36          
  37          //========================================================================
  38          // 函数: INT1_ISR_Handler
  39          // 描述: INT1中断函数.
  40          // 参数: none.
  41          // 返回: none.
  42          // 版本: V1.0, 2020-09-23
  43          //========================================================================
  44          void INT1_ISR_Handler (void) interrupt INT1_VECTOR    //进中断时已经清除标志
  45          {
  46   1        // TODO: 在此处添加用户代码
  47   1      //  P01 = ~P01;
  48   1        WakeUpSource = 2;
  49   1      }
  50          
  51          //========================================================================
  52          // 函数: INT2_ISR_Handler
  53          // 描述: INT2中断函数.
  54          // 参数: none.
C51 COMPILER V9.60.7.0   EXTI_ISR                                                          09/01/2024 11:16:54 PAGE 2   

  55          // 返回: none.
  56          // 版本: V1.0, 2020-09-23
  57          //========================================================================
  58          void INT2_ISR_Handler (void) interrupt INT2_VECTOR    //进中断时已经清除标志
  59          {
  60   1        // TODO: 在此处添加用户代码
  61   1      //  P02 = ~P02;
  62   1        WakeUpSource = 3;
  63   1      }
  64          
  65          //========================================================================
  66          // 函数: INT3_ISR_Handler
  67          // 描述: INT3中断函数.
  68          // 参数: none.
  69          // 返回: none.
  70          // 版本: V1.0, 2020-09-23
  71          //========================================================================
  72          void INT3_ISR_Handler (void) interrupt INT3_VECTOR    //进中断时已经清除标志
  73          {
  74   1        // TODO: 在此处添加用户代码
  75   1      //  P03 = ~P03;
  76   1        WakeUpSource = 4;
  77   1      }
  78          
  79          //========================================================================
  80          // 函数: INT4_ISR_Handler
  81          // 描述: INT4中断函数.
  82          // 参数: none.
  83          // 返回: none.
  84          // 版本: V1.0, 2020-09-23
  85          //========================================================================
  86          void INT4_ISR_Handler (void) interrupt INT4_VECTOR    //进中断时已经清除标志
  87          {
  88   1        // TODO: 在此处添加用户代码
  89   1      //  P04 = ~P04;
  90   1        WakeUpSource = 5;
  91   1      }


MODULE INFORMATION:   STATIC OVERLAYABLE
   CODE SIZE        =    141    ----
   CONSTANT SIZE    =   ----    ----
   XDATA SIZE       =      1    ----
   PDATA SIZE       =   ----    ----
   DATA SIZE        =   ----    ----
   IDATA SIZE       =   ----    ----
   BIT SIZE         =   ----    ----
END OF MODULE INFORMATION.


C51 COMPILATION COMPLETE.  0 WARNING(S),  0 ERROR(S)
